This file contains any messages produced by compilers while
running configure, to aid debugging if configure makes a mistake.

It was created by configure, which was
generated by GNU Autoconf 2.69.  Invocation command line was

  $ ./configure 

## --------- ##
## Platform. ##
## --------- ##

hostname = dyngar
uname -m = x86_64
uname -r = 3.16.0-4-amd64
uname -s = Linux
uname -v = #1 SMP Debian 3.16.7-ckt2-1 (2014-12-08)

/usr/bin/uname -p = unknown
/bin/uname -X     = unknown

/bin/arch              = unknown
/usr/bin/arch -k       = unknown
/usr/convex/getsysinfo = unknown
/usr/bin/hostinfo      = unknown
/bin/machine           = unknown
/usr/bin/oslevel       = unknown
/bin/universe          = unknown

PATH: /usr/local/bin
PATH: /usr/bin
PATH: /bin
PATH: /usr/local/games
PATH: /usr/games


## ----------- ##
## Core tests. ##
## ----------- ##

configure:2280: checking version
configure:2284: result: 1.0.17
configure:2345: checking for gcc
configure:2361: found /usr/bin/gcc
configure:2372: result: gcc
configure:2601: checking for C compiler version
configure:2610: gcc --version >&5
gcc (Debian 4.9.1-19) 4.9.1
Copyright (C) 2014 Free Software Foundation, Inc.
This is free software; see the source for copying conditions.  There is NO
warranty; not even for MERCHANTABILITY or FITNESS FOR A PARTICULAR PURPOSE.

configure:2621: $? = 0
configure:2610: gcc -v >&5
Using built-in specs.
COLLECT_GCC=gcc
COLLECT_LTO_WRAPPER=/usr/lib/gcc/x86_64-linux-gnu/4.9/lto-wrapper
Target: x86_64-linux-gnu
Configured with: ../src/configure -v --with-pkgversion='Debian 4.9.1-19' --with-bugurl=file:///usr/share/doc/gcc-4.9/README.Bugs --enable-languages=c,c++,java,go,d,fortran,objc,obj-c++ --prefix=/usr --program-suffix=-4.9 --enable-shared --enable-linker-build-id --libexecdir=/usr/lib --without-included-gettext --enable-threads=posix --with-gxx-include-dir=/usr/include/c++/4.9 --libdir=/usr/lib --enable-nls --with-sysroot=/ --enable-clocale=gnu --enable-libstdcxx-debug --enable-libstdcxx-time=yes --enable-gnu-unique-object --disable-vtable-verify --enable-plugin --with-system-zlib --disable-browser-plugin --enable-java-awt=gtk --enable-gtk-cairo --with-java-home=/usr/lib/jvm/java-1.5.0-gcj-4.9-amd64/jre --enable-java-home --with-jvm-root-dir=/usr/lib/jvm/java-1.5.0-gcj-4.9-amd64 --with-jvm-jar-dir=/usr/lib/jvm-exports/java-1.5.0-gcj-4.9-amd64 --with-arch-directory=amd64 --with-ecj-jar=/usr/share/java/eclipse-ecj.jar --enable-objc-gc --enable-multiarch --with-arch-32=i586 --with-abi=m64 --with-multilib-list=m32,m64,mx32 --enable-multilib --with-tune=generic --enable-checking=release --build=x86_64-linux-gnu --host=x86_64-linux-gnu --target=x86_64-linux-gnu
Thread model: posix
gcc version 4.9.1 (Debian 4.9.1-19) 
configure:2621: $? = 0
configure:2610: gcc -V >&5
gcc: error: unrecognized command line option '-V'
gcc: fatal error: no input files
compilation terminated.
configure:2621: $? = 4
configure:2610: gcc -qversion >&5
gcc: error: unrecognized command line option '-qversion'
gcc: fatal error: no input files
compilation terminated.
configure:2621: $? = 4
configure:2641: checking whether the C compiler works
configure:2663: gcc    conftest.c  >&5
configure:2667: $? = 0
configure:2715: result: yes
configure:2718: checking for C compiler default output file name
configure:2720: result: a.out
configure:2726: checking for suffix of executables
configure:2733: gcc -o conftest    conftest.c  >&5
configure:2737: $? = 0
configure:2759: result: 
configure:2781: checking whether we are cross compiling
configure:2789: gcc -o conftest    conftest.c  >&5
configure:2793: $? = 0
configure:2800: ./conftest
configure:2804: $? = 0
configure:2819: result: no
configure:2824: checking for suffix of object files
configure:2846: gcc -c   conftest.c >&5
configure:2850: $? = 0
configure:2871: result: o
configure:2875: checking whether we are using the GNU C compiler
configure:2894: gcc -c   conftest.c >&5
configure:2894: $? = 0
configure:2903: result: yes
configure:2912: checking whether gcc accepts -g
configure:2932: gcc -c -g  conftest.c >&5
configure:2932: $? = 0
configure:2973: result: yes
configure:2990: checking for gcc option to accept ISO C89
configure:3053: gcc  -c -g -O2  conftest.c >&5
configure:3053: $? = 0
configure:3066: result: none needed
configure:3091: checking how to run the C preprocessor
configure:3122: gcc -E  conftest.c
configure:3122: $? = 0
configure:3136: gcc -E  conftest.c
conftest.c:9:28: fatal error: ac_nonexistent.h: No such file or directory
 #include <ac_nonexistent.h>
                            ^
compilation terminated.
configure:3136: $? = 1
configure: failed program was:
| /* confdefs.h */
| #define PACKAGE_NAME ""
| #define PACKAGE_TARNAME ""
| #define PACKAGE_VERSION ""
| #define PACKAGE_STRING ""
| #define PACKAGE_BUGREPORT ""
| #define PACKAGE_URL ""
| /* end confdefs.h.  */
| #include <ac_nonexistent.h>
configure:3161: result: gcc -E
configure:3181: gcc -E  conftest.c
configure:3181: $? = 0
configure:3195: gcc -E  conftest.c
conftest.c:9:28: fatal error: ac_nonexistent.h: No such file or directory
 #include <ac_nonexistent.h>
                            ^
compilation terminated.
configure:3195: $? = 1
configure: failed program was:
| /* confdefs.h */
| #define PACKAGE_NAME ""
| #define PACKAGE_TARNAME ""
| #define PACKAGE_VERSION ""
| #define PACKAGE_STRING ""
| #define PACKAGE_BUGREPORT ""
| #define PACKAGE_URL ""
| /* end confdefs.h.  */
| #include <ac_nonexistent.h>
configure:3234: checking for grep that handles long lines and -e
configure:3292: result: /bin/grep
configure:3297: checking for egrep
configure:3359: result: /bin/grep -E
configure:3365: checking whether gcc needs -traditional
configure:3399: result: no
configure:3411: checking for perl
configure:3429: found /usr/bin/perl
configure:3442: result: /usr/bin/perl
configure:3453: checking whether perl is version 5 or greater
configure:3471: result: yes
configure:3481: checking whether you are compiling on NeXT
configure:3504: gcc -o conftest -g -O2   conftest.c  >&5
configure:3504: $? = 0
configure:3504: ./conftest
configure:3504: $? = 0
configure:3514: result: no
configure:3522: checking whether sprintf returns int
configure:3548: gcc -o conftest -g -O2   conftest.c  >&5
conftest.c: In function 'main':
conftest.c:16:2: warning: incompatible implicit declaration of built-in function 'exit'
  exit(1);
  ^
configure:3548: $? = 0
configure:3548: ./conftest
configure:3548: $? = 1
configure: program exited with status 1
configure: failed program was:
| /* confdefs.h */
| #define PACKAGE_NAME ""
| #define PACKAGE_TARNAME ""
| #define PACKAGE_VERSION ""
| #define PACKAGE_STRING ""
| #define PACKAGE_BUGREPORT ""
| #define PACKAGE_URL ""
| /* end confdefs.h.  */
| 
| #include <stdio.h>
| int main () {
| char buff[1];
| int ret;
| ret = (int)sprintf(buff,"");
| if (ret == 0)
| 	exit(1);
| else
| 	exit(0);
| }
configure:3562: result: yes
configure:3565: checking whether sprintf/fprintf need to be declared
configure:3590: gcc -o conftest -g -O2   conftest.c  >&5
conftest.c: In function 'main':
conftest.c:17:2: warning: incompatible implicit declaration of built-in function 'exit'
  exit(0);
  ^
configure:3590: $? = 0
configure:3590: ./conftest
configure:3590: $? = 0
configure:3604: result: no
configure:3607: checking whether gettimeofday takes two arguments
configure:3627: gcc -c -g -O2  conftest.c >&5
configure:3627: $? = 0
configure:3638: result: yes
configure:3641: checking for ANSI C header files
configure:3661: gcc -c -g -O2  conftest.c >&5
configure:3661: $? = 0
configure:3734: gcc -o conftest -g -O2   conftest.c  >&5
configure:3734: $? = 0
configure:3734: ./conftest
configure:3734: $? = 0
configure:3745: result: yes
configure:3758: checking for sys/types.h
configure:3758: gcc -c -g -O2  conftest.c >&5
configure:3758: $? = 0
configure:3758: result: yes
configure:3758: checking for sys/stat.h
configure:3758: gcc -c -g -O2  conftest.c >&5
configure:3758: $? = 0
configure:3758: result: yes
configure:3758: checking for stdlib.h
configure:3758: gcc -c -g -O2  conftest.c >&5
configure:3758: $? = 0
configure:3758: result: yes
configure:3758: checking for string.h
configure:3758: gcc -c -g -O2  conftest.c >&5
configure:3758: $? = 0
configure:3758: result: yes
configure:3758: checking for memory.h
configure:3758: gcc -c -g -O2  conftest.c >&5
configure:3758: $? = 0
configure:3758: result: yes
configure:3758: checking for strings.h
configure:3758: gcc -c -g -O2  conftest.c >&5
configure:3758: $? = 0
configure:3758: result: yes
configure:3758: checking for inttypes.h
configure:3758: gcc -c -g -O2  conftest.c >&5
configure:3758: $? = 0
configure:3758: result: yes
configure:3758: checking for stdint.h
configure:3758: gcc -c -g -O2  conftest.c >&5
configure:3758: $? = 0
configure:3758: result: yes
configure:3758: checking for unistd.h
configure:3758: gcc -c -g -O2  conftest.c >&5
configure:3758: $? = 0
configure:3758: result: yes
configure:3770: checking for working memcmp
configure:3813: gcc -o conftest -g -O2   conftest.c  >&5
configure:3813: $? = 0
configure:3813: ./conftest
configure:3813: $? = 0
configure:3823: result: yes
configure:3833: checking for main in -lnsl
configure:3852: gcc -o conftest -g -O2   conftest.c -lnsl   >&5
configure:3852: $? = 0
configure:3861: result: yes
configure:3872: checking for main in -lsocket
configure:3891: gcc -o conftest -g -O2   conftest.c -lsocket  -lnsl  >&5
/usr/bin/ld: cannot find -lsocket
collect2: error: ld returned 1 exit status
configure:3891: $? = 1
configure: failed program was:
| /* confdefs.h */
| #define PACKAGE_NAME ""
| #define PACKAGE_TARNAME ""
| #define PACKAGE_VERSION ""
| #define PACKAGE_STRING ""
| #define PACKAGE_BUGREPORT ""
| #define PACKAGE_URL ""
| #define STDC_HEADERS 1
| #define HAVE_SYS_TYPES_H 1
| #define HAVE_SYS_STAT_H 1
| #define HAVE_STDLIB_H 1
| #define HAVE_STRING_H 1
| #define HAVE_MEMORY_H 1
| #define HAVE_STRINGS_H 1
| #define HAVE_INTTYPES_H 1
| #define HAVE_STDINT_H 1
| #define HAVE_UNISTD_H 1
| #define HAVE_LIBNSL 1
| /* end confdefs.h.  */
| 
| 
| int
| main ()
| {
| return main ();
|   ;
|   return 0;
| }
configure:3900: result: no
configure:3911: checking for main in -lposix
configure:3930: gcc -o conftest -g -O2   conftest.c -lposix  -lnsl  >&5
/usr/bin/ld: cannot find -lposix
collect2: error: ld returned 1 exit status
configure:3930: $? = 1
configure: failed program was:
| /* confdefs.h */
| #define PACKAGE_NAME ""
| #define PACKAGE_TARNAME ""
| #define PACKAGE_VERSION ""
| #define PACKAGE_STRING ""
| #define PACKAGE_BUGREPORT ""
| #define PACKAGE_URL ""
| #define STDC_HEADERS 1
| #define HAVE_SYS_TYPES_H 1
| #define HAVE_SYS_STAT_H 1
| #define HAVE_STDLIB_H 1
| #define HAVE_STRING_H 1
| #define HAVE_MEMORY_H 1
| #define HAVE_STRINGS_H 1
| #define HAVE_INTTYPES_H 1
| #define HAVE_STDINT_H 1
| #define HAVE_UNISTD_H 1
| #define HAVE_LIBNSL 1
| /* end confdefs.h.  */
| 
| 
| int
| main ()
| {
| return main ();
|   ;
|   return 0;
| }
configure:3939: result: no
configure:3950: checking for main in -lcrypt
configure:3969: gcc -o conftest -g -O2   conftest.c -lcrypt  -lnsl  >&5
configure:3969: $? = 0
configure:3978: result: yes
configure:3990: checking for unix-domain sockets
configure:4016: gcc -o conftest -g -O2   conftest.c -lcrypt -lnsl  >&5
conftest.c: In function 'main':
conftest.c:28:3: warning: incompatible implicit declaration of built-in function 'exit'
   exit(1);
   ^
configure:4016: $? = 0
configure:4016: ./conftest
configure:4016: $? = 0
configure:4030: result: yes
configure:4033: checking whether time.h and sys/time.h may both be included
configure:4053: gcc -c -g -O2  conftest.c >&5
configure:4053: $? = 0
configure:4060: result: yes
configure:4068: checking for sys/wait.h that is POSIX.1 compatible
configure:4094: gcc -c -g -O2  conftest.c >&5
configure:4094: $? = 0
configure:4101: result: yes
configure:4112: checking sys/ioctl.h usability
configure:4112: gcc -c -g -O2  conftest.c >&5
configure:4112: $? = 0
configure:4112: result: yes
configure:4112: checking sys/ioctl.h presence
configure:4112: gcc -E  conftest.c
configure:4112: $? = 0
configure:4112: result: yes
configure:4112: checking for sys/ioctl.h
configure:4112: result: yes
configure:4112: checking for unistd.h
configure:4112: result: yes
configure:4112: checking for stdlib.h
configure:4112: result: yes
configure:4112: checking sys/filio.h usability
configure:4112: gcc -c -g -O2  conftest.c >&5
conftest.c:59:23: fatal error: sys/filio.h: No such file or directory
 #include <sys/filio.h>
                       ^
compilation terminated.
configure:4112: $? = 1
configure: failed program was:
| /* confdefs.h */
| #define PACKAGE_NAME ""
| #define PACKAGE_TARNAME ""
| #define PACKAGE_VERSION ""
| #define PACKAGE_STRING ""
| #define PACKAGE_BUGREPORT ""
| #define PACKAGE_URL ""
| #define STDC_HEADERS 1
| #define HAVE_SYS_TYPES_H 1
| #define HAVE_SYS_STAT_H 1
| #define HAVE_STDLIB_H 1
| #define HAVE_STRING_H 1
| #define HAVE_MEMORY_H 1
| #define HAVE_STRINGS_H 1
| #define HAVE_INTTYPES_H 1
| #define HAVE_STDINT_H 1
| #define HAVE_UNISTD_H 1
| #define HAVE_LIBNSL 1
| #define HAVE_LIBCRYPT 1
| #define TIME_WITH_SYS_TIME 1
| #define HAVE_SYS_WAIT_H 1
| #define HAVE_SYS_IOCTL_H 1
| #define HAVE_UNISTD_H 1
| #define HAVE_STDLIB_H 1
| /* end confdefs.h.  */
| #include <stdio.h>
| #ifdef HAVE_SYS_TYPES_H
| # include <sys/types.h>
| #endif
| #ifdef HAVE_SYS_STAT_H
| # include <sys/stat.h>
| #endif
| #ifdef STDC_HEADERS
| # include <stdlib.h>
| # include <stddef.h>
| #else
| # ifdef HAVE_STDLIB_H
| #  include <stdlib.h>
| # endif
| #endif
| #ifdef HAVE_STRING_H
| # if !defined STDC_HEADERS && defined HAVE_MEMORY_H
| #  include <memory.h>
| # endif
| # include <string.h>
| #endif
| #ifdef HAVE_STRINGS_H
| # include <strings.h>
| #endif
| #ifdef HAVE_INTTYPES_H
| # include <inttypes.h>
| #endif
| #ifdef HAVE_STDINT_H
| # include <stdint.h>
| #endif
| #ifdef HAVE_UNISTD_H
| # include <unistd.h>
| #endif
| #include <sys/filio.h>
configure:4112: result: no
configure:4112: checking sys/filio.h presence
configure:4112: gcc -E  conftest.c
conftest.c:26:23: fatal error: sys/filio.h: No such file or directory
 #include <sys/filio.h>
                       ^
compilation terminated.
configure:4112: $? = 1
configure: failed program was:
| /* confdefs.h */
| #define PACKAGE_NAME ""
| #define PACKAGE_TARNAME ""
| #define PACKAGE_VERSION ""
| #define PACKAGE_STRING ""
| #define PACKAGE_BUGREPORT ""
| #define PACKAGE_URL ""
| #define STDC_HEADERS 1
| #define HAVE_SYS_TYPES_H 1
| #define HAVE_SYS_STAT_H 1
| #define HAVE_STDLIB_H 1
| #define HAVE_STRING_H 1
| #define HAVE_MEMORY_H 1
| #define HAVE_STRINGS_H 1
| #define HAVE_INTTYPES_H 1
| #define HAVE_STDINT_H 1
| #define HAVE_UNISTD_H 1
| #define HAVE_LIBNSL 1
| #define HAVE_LIBCRYPT 1
| #define TIME_WITH_SYS_TIME 1
| #define HAVE_SYS_WAIT_H 1
| #define HAVE_SYS_IOCTL_H 1
| #define HAVE_UNISTD_H 1
| #define HAVE_STDLIB_H 1
| /* end confdefs.h.  */
| #include <sys/filio.h>
configure:4112: result: no
configure:4112: checking for sys/filio.h
configure:4112: result: no
configure:4112: checking sys/select.h usability
configure:4112: gcc -c -g -O2  conftest.c >&5
configure:4112: $? = 0
configure:4112: result: yes
configure:4112: checking sys/select.h presence
configure:4112: gcc -E  conftest.c
configure:4112: $? = 0
configure:4112: result: yes
configure:4112: checking for sys/select.h
configure:4112: result: yes
configure:4112: checking for string.h
configure:4112: result: yes
configure:4112: checking sys/signal.h usability
configure:4112: gcc -c -g -O2  conftest.c >&5
configure:4112: $? = 0
configure:4112: result: yes
configure:4112: checking sys/signal.h presence
configure:4112: gcc -E  conftest.c
configure:4112: $? = 0
configure:4112: result: yes
configure:4112: checking for sys/signal.h
configure:4112: result: yes
configure:4112: checking sys/bitypes.h usability
configure:4112: gcc -c -g -O2  conftest.c >&5
configure:4112: $? = 0
configure:4112: result: yes
configure:4112: checking sys/bitypes.h presence
configure:4112: gcc -E  conftest.c
configure:4112: $? = 0
configure:4112: result: yes
configure:4112: checking for sys/bitypes.h
configure:4112: result: yes
configure:4112: checking termios.h usability
configure:4112: gcc -c -g -O2  conftest.c >&5
configure:4112: $? = 0
configure:4112: result: yes
configure:4112: checking termios.h presence
configure:4112: gcc -E  conftest.c
configure:4112: $? = 0
configure:4112: result: yes
configure:4112: checking for termios.h
configure:4112: result: yes
configure:4112: checking sys/stropts.h usability
configure:4112: gcc -c -g -O2  conftest.c >&5
configure:4112: $? = 0
configure:4112: result: yes
configure:4112: checking sys/stropts.h presence
configure:4112: gcc -E  conftest.c
configure:4112: $? = 0
configure:4112: result: yes
configure:4112: checking for sys/stropts.h
configure:4112: result: yes
configure:4112: checking sys/types32.h usability
configure:4112: gcc -c -g -O2  conftest.c >&5
conftest.c:65:25: fatal error: sys/types32.h: No such file or directory
 #include <sys/types32.h>
                         ^
compilation terminated.
configure:4112: $? = 1
configure: failed program was:
| /* confdefs.h */
| #define PACKAGE_NAME ""
| #define PACKAGE_TARNAME ""
| #define PACKAGE_VERSION ""
| #define PACKAGE_STRING ""
| #define PACKAGE_BUGREPORT ""
| #define PACKAGE_URL ""
| #define STDC_HEADERS 1
| #define HAVE_SYS_TYPES_H 1
| #define HAVE_SYS_STAT_H 1
| #define HAVE_STDLIB_H 1
| #define HAVE_STRING_H 1
| #define HAVE_MEMORY_H 1
| #define HAVE_STRINGS_H 1
| #define HAVE_INTTYPES_H 1
| #define HAVE_STDINT_H 1
| #define HAVE_UNISTD_H 1
| #define HAVE_LIBNSL 1
| #define HAVE_LIBCRYPT 1
| #define TIME_WITH_SYS_TIME 1
| #define HAVE_SYS_WAIT_H 1
| #define HAVE_SYS_IOCTL_H 1
| #define HAVE_UNISTD_H 1
| #define HAVE_STDLIB_H 1
| #define HAVE_SYS_SELECT_H 1
| #define HAVE_STRING_H 1
| #define HAVE_SYS_SIGNAL_H 1
| #define HAVE_SYS_BITYPES_H 1
| #define HAVE_TERMIOS_H 1
| #define HAVE_SYS_STROPTS_H 1
| /* end confdefs.h.  */
| #include <stdio.h>
| #ifdef HAVE_SYS_TYPES_H
| # include <sys/types.h>
| #endif
| #ifdef HAVE_SYS_STAT_H
| # include <sys/stat.h>
| #endif
| #ifdef STDC_HEADERS
| # include <stdlib.h>
| # include <stddef.h>
| #else
| # ifdef HAVE_STDLIB_H
| #  include <stdlib.h>
| # endif
| #endif
| #ifdef HAVE_STRING_H
| # if !defined STDC_HEADERS && defined HAVE_MEMORY_H
| #  include <memory.h>
| # endif
| # include <string.h>
| #endif
| #ifdef HAVE_STRINGS_H
| # include <strings.h>
| #endif
| #ifdef HAVE_INTTYPES_H
| # include <inttypes.h>
| #endif
| #ifdef HAVE_STDINT_H
| # include <stdint.h>
| #endif
| #ifdef HAVE_UNISTD_H
| # include <unistd.h>
| #endif
| #include <sys/types32.h>
configure:4112: result: no
configure:4112: checking sys/types32.h presence
configure:4112: gcc -E  conftest.c
conftest.c:32:25: fatal error: sys/types32.h: No such file or directory
 #include <sys/types32.h>
                         ^
compilation terminated.
configure:4112: $? = 1
configure: failed program was:
| /* confdefs.h */
| #define PACKAGE_NAME ""
| #define PACKAGE_TARNAME ""
| #define PACKAGE_VERSION ""
| #define PACKAGE_STRING ""
| #define PACKAGE_BUGREPORT ""
| #define PACKAGE_URL ""
| #define STDC_HEADERS 1
| #define HAVE_SYS_TYPES_H 1
| #define HAVE_SYS_STAT_H 1
| #define HAVE_STDLIB_H 1
| #define HAVE_STRING_H 1
| #define HAVE_MEMORY_H 1
| #define HAVE_STRINGS_H 1
| #define HAVE_INTTYPES_H 1
| #define HAVE_STDINT_H 1
| #define HAVE_UNISTD_H 1
| #define HAVE_LIBNSL 1
| #define HAVE_LIBCRYPT 1
| #define TIME_WITH_SYS_TIME 1
| #define HAVE_SYS_WAIT_H 1
| #define HAVE_SYS_IOCTL_H 1
| #define HAVE_UNISTD_H 1
| #define HAVE_STDLIB_H 1
| #define HAVE_SYS_SELECT_H 1
| #define HAVE_STRING_H 1
| #define HAVE_SYS_SIGNAL_H 1
| #define HAVE_SYS_BITYPES_H 1
| #define HAVE_TERMIOS_H 1
| #define HAVE_SYS_STROPTS_H 1
| /* end confdefs.h.  */
| #include <sys/types32.h>
configure:4112: result: no
configure:4112: checking for sys/types32.h
configure:4112: result: no
configure:4122: checking whether byte ordering is bigendian
configure:4137: gcc -c -g -O2  conftest.c >&5
conftest.c:33:9: error: unknown type name 'not'
         not a universal capable compiler
         ^
conftest.c:33:15: error: expected '=', ',', ';', 'asm' or '__attribute__' before 'universal'
         not a universal capable compiler
               ^
conftest.c:33:15: error: unknown type name 'universal'
configure:4137: $? = 1
configure: failed program was:
| /* confdefs.h */
| #define PACKAGE_NAME ""
| #define PACKAGE_TARNAME ""
| #define PACKAGE_VERSION ""
| #define PACKAGE_STRING ""
| #define PACKAGE_BUGREPORT ""
| #define PACKAGE_URL ""
| #define STDC_HEADERS 1
| #define HAVE_SYS_TYPES_H 1
| #define HAVE_SYS_STAT_H 1
| #define HAVE_STDLIB_H 1
| #define HAVE_STRING_H 1
| #define HAVE_MEMORY_H 1
| #define HAVE_STRINGS_H 1
| #define HAVE_INTTYPES_H 1
| #define HAVE_STDINT_H 1
| #define HAVE_UNISTD_H 1
| #define HAVE_LIBNSL 1
| #define HAVE_LIBCRYPT 1
| #define TIME_WITH_SYS_TIME 1
| #define HAVE_SYS_WAIT_H 1
| #define HAVE_SYS_IOCTL_H 1
| #define HAVE_UNISTD_H 1
| #define HAVE_STDLIB_H 1
| #define HAVE_SYS_SELECT_H 1
| #define HAVE_STRING_H 1
| #define HAVE_SYS_SIGNAL_H 1
| #define HAVE_SYS_BITYPES_H 1
| #define HAVE_TERMIOS_H 1
| #define HAVE_SYS_STROPTS_H 1
| /* end confdefs.h.  */
| #ifndef __APPLE_CC__
| 	       not a universal capable compiler
| 	     #endif
| 	     typedef int dummy;
| 
configure:4182: gcc -c -g -O2  conftest.c >&5
configure:4182: $? = 0
configure:4200: gcc -c -g -O2  conftest.c >&5
conftest.c: In function 'main':
conftest.c:39:4: error: unknown type name 'not'
    not big endian
    ^
conftest.c:39:12: error: expected '=', ',', ';', 'asm' or '__attribute__' before 'endian'
    not big endian
            ^
configure:4200: $? = 1
configure: failed program was:
| /* confdefs.h */
| #define PACKAGE_NAME ""
| #define PACKAGE_TARNAME ""
| #define PACKAGE_VERSION ""
| #define PACKAGE_STRING ""
| #define PACKAGE_BUGREPORT ""
| #define PACKAGE_URL ""
| #define STDC_HEADERS 1
| #define HAVE_SYS_TYPES_H 1
| #define HAVE_SYS_STAT_H 1
| #define HAVE_STDLIB_H 1
| #define HAVE_STRING_H 1
| #define HAVE_MEMORY_H 1
| #define HAVE_STRINGS_H 1
| #define HAVE_INTTYPES_H 1
| #define HAVE_STDINT_H 1
| #define HAVE_UNISTD_H 1
| #define HAVE_LIBNSL 1
| #define HAVE_LIBCRYPT 1
| #define TIME_WITH_SYS_TIME 1
| #define HAVE_SYS_WAIT_H 1
| #define HAVE_SYS_IOCTL_H 1
| #define HAVE_UNISTD_H 1
| #define HAVE_STDLIB_H 1
| #define HAVE_SYS_SELECT_H 1
| #define HAVE_STRING_H 1
| #define HAVE_SYS_SIGNAL_H 1
| #define HAVE_SYS_BITYPES_H 1
| #define HAVE_TERMIOS_H 1
| #define HAVE_SYS_STROPTS_H 1
| /* end confdefs.h.  */
| #include <sys/types.h>
| 		#include <sys/param.h>
| 
| int
| main ()
| {
| #if BYTE_ORDER != BIG_ENDIAN
| 		 not big endian
| 		#endif
| 
|   ;
|   return 0;
| }
configure:4328: result: no
configure:4347: checking for an ANSI C-conforming const
configure:4413: gcc -c -g -O2  conftest.c >&5
configure:4413: $? = 0
configure:4420: result: yes
configure:4428: checking for inline
configure:4444: gcc -c -g -O2  conftest.c >&5
configure:4444: $? = 0
configure:4452: result: inline
configure:4470: checking whether u_int32_t etc. need to be typedef'd
configure:4495: gcc -c -g -O2  conftest.c >&5
configure:4495: $? = 0
configure:4502: result: no
configure:4616: checking size of char *
configure:4621: gcc -o conftest -g -O2   conftest.c -lcrypt -lnsl  >&5
configure:4621: $? = 0
configure:4621: ./conftest
configure:4621: $? = 0
configure:4635: result: 8
configure:4649: checking for strdup
configure:4649: gcc -o conftest -g -O2   conftest.c -lcrypt -lnsl  >&5
conftest.c:56:6: warning: conflicting types for built-in function 'strdup'
 char strdup ();
      ^
configure:4649: $? = 0
configure:4649: result: yes
configure:4649: checking for strerror
configure:4649: gcc -o conftest -g -O2   conftest.c -lcrypt -lnsl  >&5
configure:4649: $? = 0
configure:4649: result: yes
configure:4649: checking for random
configure:4649: gcc -o conftest -g -O2   conftest.c -lcrypt -lnsl  >&5
configure:4649: $? = 0
configure:4649: result: yes
configure:4649: checking for srandom
configure:4649: gcc -o conftest -g -O2   conftest.c -lcrypt -lnsl  >&5
configure:4649: $? = 0
configure:4649: result: yes
configure:4649: checking for index
configure:4649: gcc -o conftest -g -O2   conftest.c -lcrypt -lnsl  >&5
conftest.c:60:6: warning: conflicting types for built-in function 'index'
 char index ();
      ^
configure:4649: $? = 0
configure:4649: result: yes
configure:4649: checking for bcmp
configure:4649: gcc -o conftest -g -O2   conftest.c -lcrypt -lnsl  >&5
conftest.c:61:6: warning: conflicting types for built-in function 'bcmp'
 char bcmp ();
      ^
configure:4649: $? = 0
configure:4649: result: yes
configure:4649: checking for drand48
configure:4649: gcc -o conftest -g -O2   conftest.c -lcrypt -lnsl  >&5
configure:4649: $? = 0
configure:4649: result: yes
configure:4649: checking for memmove
configure:4649: gcc -o conftest -g -O2   conftest.c -lcrypt -lnsl  >&5
conftest.c:63:6: warning: conflicting types for built-in function 'memmove'
 char memmove ();
      ^
configure:4649: $? = 0
configure:4649: result: yes
configure:4649: checking for setenv
configure:4649: gcc -o conftest -g -O2   conftest.c -lcrypt -lnsl  >&5
configure:4649: $? = 0
configure:4649: result: yes
configure:4649: checking for inet_aton
configure:4649: gcc -o conftest -g -O2   conftest.c -lcrypt -lnsl  >&5
configure:4649: $? = 0
configure:4649: result: yes
configure:4649: checking for revoke
configure:4649: gcc -o conftest -g -O2   conftest.c -lcrypt -lnsl  >&5
conftest.c:71:1: error: unknown type name 'choke'
 choke me
 ^
conftest.c:74:1: error: expected '=', ',', ';', 'asm' or '__attribute__' before 'int'
 int
 ^
configure:4649: $? = 1
configure: failed program was:
| /* confdefs.h */
| #define PACKAGE_NAME ""
| #define PACKAGE_TARNAME ""
| #define PACKAGE_VERSION ""
| #define PACKAGE_STRING ""
| #define PACKAGE_BUGREPORT ""
| #define PACKAGE_URL ""
| #define STDC_HEADERS 1
| #define HAVE_SYS_TYPES_H 1
| #define HAVE_SYS_STAT_H 1
| #define HAVE_STDLIB_H 1
| #define HAVE_STRING_H 1
| #define HAVE_MEMORY_H 1
| #define HAVE_STRINGS_H 1
| #define HAVE_INTTYPES_H 1
| #define HAVE_STDINT_H 1
| #define HAVE_UNISTD_H 1
| #define HAVE_LIBNSL 1
| #define HAVE_LIBCRYPT 1
| #define TIME_WITH_SYS_TIME 1
| #define HAVE_SYS_WAIT_H 1
| #define HAVE_SYS_IOCTL_H 1
| #define HAVE_UNISTD_H 1
| #define HAVE_STDLIB_H 1
| #define HAVE_SYS_SELECT_H 1
| #define HAVE_STRING_H 1
| #define HAVE_SYS_SIGNAL_H 1
| #define HAVE_SYS_BITYPES_H 1
| #define HAVE_TERMIOS_H 1
| #define HAVE_SYS_STROPTS_H 1
| #define SIZEOF_CHAR_P 8
| #define HAVE_STRDUP 1
| #define HAVE_STRERROR 1
| #define HAVE_RANDOM 1
| #define HAVE_SRANDOM 1
| #define HAVE_INDEX 1
| #define HAVE_BCMP 1
| #define HAVE_DRAND48 1
| #define HAVE_MEMMOVE 1
| #define HAVE_SETENV 1
| #define HAVE_INET_ATON 1
| /* end confdefs.h.  */
| /* Define revoke to an innocuous variant, in case <limits.h> declares revoke.
|    For example, HP-UX 11i <limits.h> declares gettimeofday.  */
| #define revoke innocuous_revoke
| 
| /* System header to define __stub macros and hopefully few prototypes,
|     which can conflict with char revoke (); below.
|     Prefer <limits.h> to <assert.h> if __STDC__ is defined, since
|     <limits.h> exists even on freestanding compilers.  */
| 
| #ifdef __STDC__
| # include <limits.h>
| #else
| # include <assert.h>
| #endif
| 
| #undef revoke
| 
| /* Override any GCC internal prototype to avoid an error.
|    Use char because int might match the return type of a GCC
|    builtin and then its argument prototype would still apply.  */
| #ifdef __cplusplus
| extern "C"
| #endif
| char revoke ();
| /* The GNU C library defines this for functions which it implements
|     to always fail with ENOSYS.  Some functions are actually named
|     something starting with __ and the normal name is an alias.  */
| #if defined __stub_revoke || defined __stub___revoke
| choke me
| #endif
| 
| int
| main ()
| {
| return revoke ();
|   ;
|   return 0;
| }
configure:4649: result: no
configure:4649: checking for grantpt
configure:4649: gcc -o conftest -g -O2   conftest.c -lcrypt -lnsl  >&5
configure:4649: $? = 0
configure:4649: result: yes
configure:4649: checking for fchmod
configure:4649: gcc -o conftest -g -O2   conftest.c -lcrypt -lnsl  >&5
configure:4649: $? = 0
configure:4649: result: yes
configure:4658: checking for strtoul
configure:4658: gcc -o conftest -g -O2   conftest.c -lcrypt -lnsl  >&5
configure:4658: $? = 0
configure:4658: result: yes
configure:4672: checking for readv
configure:4672: gcc -o conftest -g -O2   conftest.c -lcrypt -lnsl  >&5
configure:4672: $? = 0
configure:4672: result: yes
configure:4717: checking for gethostid
configure:4737: gcc -o conftest -g -O2   conftest.c -lcrypt -lnsl  >&5
configure:4737: $? = 0
configure:4737: ./conftest
configure:4737: $? = 0
configure:4747: result: yes
configure:4902: creating ./config.status

## ---------------------- ##
## Running config.status. ##
## ---------------------- ##

This file was extended by config.status, which was
generated by GNU Autoconf 2.69.  Invocation command line was

  CONFIG_FILES    = 
  CONFIG_HEADERS  = 
  CONFIG_LINKS    = 
  CONFIG_COMMANDS = 
  $ ./config.status 

on dyngar

config.status:835: creating Makefile
config.status:835: creating config.h
config.status:1005: config.h is unchanged

## ---------------- ##
## Cache variables. ##
## ---------------- ##

ac_cv_c_bigendian=no
ac_cv_c_compiler_gnu=yes
ac_cv_c_const=yes
ac_cv_c_inline=inline
ac_cv_env_CC_set=
ac_cv_env_CC_value=
ac_cv_env_CFLAGS_set=
ac_cv_env_CFLAGS_value=
ac_cv_env_CPPFLAGS_set=
ac_cv_env_CPPFLAGS_value=
ac_cv_env_CPP_set=
ac_cv_env_CPP_value=
ac_cv_env_LDFLAGS_set=
ac_cv_env_LDFLAGS_value=
ac_cv_env_LIBS_set=
ac_cv_env_LIBS_value=
ac_cv_env_build_alias_set=
ac_cv_env_build_alias_value=
ac_cv_env_host_alias_set=
ac_cv_env_host_alias_value=
ac_cv_env_target_alias_set=
ac_cv_env_target_alias_value=
ac_cv_func_bcmp=yes
ac_cv_func_drand48=yes
ac_cv_func_fchmod=yes
ac_cv_func_grantpt=yes
ac_cv_func_index=yes
ac_cv_func_inet_aton=yes
ac_cv_func_memcmp_working=yes
ac_cv_func_memmove=yes
ac_cv_func_random=yes
ac_cv_func_readv=yes
ac_cv_func_revoke=no
ac_cv_func_setenv=yes
ac_cv_func_srandom=yes
ac_cv_func_strdup=yes
ac_cv_func_strerror=yes
ac_cv_func_strtoul=yes
ac_cv_header_inttypes_h=yes
ac_cv_header_memory_h=yes
ac_cv_header_stdc=yes
ac_cv_header_stdint_h=yes
ac_cv_header_stdlib_h=yes
ac_cv_header_string_h=yes
ac_cv_header_strings_h=yes
ac_cv_header_sys_bitypes_h=yes
ac_cv_header_sys_filio_h=no
ac_cv_header_sys_ioctl_h=yes
ac_cv_header_sys_select_h=yes
ac_cv_header_sys_signal_h=yes
ac_cv_header_sys_stat_h=yes
ac_cv_header_sys_stropts_h=yes
ac_cv_header_sys_types32_h=no
ac_cv_header_sys_types_h=yes
ac_cv_header_sys_wait_h=yes
ac_cv_header_termios_h=yes
ac_cv_header_time=yes
ac_cv_header_unistd_h=yes
ac_cv_lib_crypt_main=yes
ac_cv_lib_nsl_main=yes
ac_cv_lib_posix_main=no
ac_cv_lib_socket_main=no
ac_cv_objext=o
ac_cv_path_EGREP='/bin/grep -E'
ac_cv_path_GREP=/bin/grep
ac_cv_path_PERL=/usr/bin/perl
ac_cv_prog_CPP='gcc -E'
ac_cv_prog_ac_ct_CC=gcc
ac_cv_prog_cc_c89=
ac_cv_prog_cc_g=yes
ac_cv_prog_gcc_traditional=no
ac_cv_sizeof_char_p=8
sr_cv_gethostid=yes
sr_cv_gettimeofday=yes
sr_cv_need_typedefs=no
sr_cv_next=no
sr_cv_perl5=yes
sr_cv_sprintf_declare=no
sr_cv_sprintf_int=yes
sr_cv_unix_sockets=yes

## ----------------- ##
## Output variables. ##
## ----------------- ##

CC='gcc'
CFLAGS2='-O2 -Wall -Wno-implicit -Wmissing-prototypes'
CFLAGS='-g -O2'
CPP='gcc -E'
CPPFLAGS=''
DASH_POSIX=''
DEFS='-DHAVE_CONFIG_H'
ECHO_C=''
ECHO_N='-n'
ECHO_T=''
EGREP='/bin/grep -E'
EXEEXT=''
GREP='/bin/grep'
LDFLAGS=''
LIBOBJS=''
LIBS='-lcrypt -lnsl '
LTLIBOBJS=''
MAKEPRO='$(CPP) $< | $(MKPRO) > $@.bak && mv -f $@.bak $@'
OBJEXT='o'
PACKAGE_BUGREPORT=''
PACKAGE_NAME=''
PACKAGE_STRING=''
PACKAGE_TARNAME=''
PACKAGE_URL=''
PACKAGE_VERSION=''
PATH_SEPARATOR=':'
PERL='/usr/bin/perl'
PPPCFLAGS='-g -O2 -O2 '
PPPOBJ='$(PPPOBJS)'
SHELL='/bin/bash'
USE_PPP='-DUSE_PPP'
ac_ct_CC='gcc'
bindir='${exec_prefix}/bin'
build_alias=''
datadir='${datarootdir}'
datarootdir='${prefix}/share'
docdir='${datarootdir}/doc/${PACKAGE}'
dvidir='${docdir}'
exec_prefix='${prefix}'
host_alias=''
htmldir='${docdir}'
includedir='${prefix}/include'
infodir='${datarootdir}/info'
libdir='${exec_prefix}/lib'
libexecdir='${exec_prefix}/libexec'
localedir='${datarootdir}/locale'
localstatedir='${prefix}/var'
mandir='${datarootdir}/man'
oldincludedir='/usr/include'
pdfdir='${docdir}'
prefix='/usr/local'
program_transform_name='s,x,x,'
psdir='${docdir}'
sbindir='${exec_prefix}/sbin'
sharedstatedir='${prefix}/com'
sysconfdir='${prefix}/etc'
target_alias=''
version='1.0.17'

## ----------- ##
## confdefs.h. ##
## ----------- ##

/* confdefs.h */
#define PACKAGE_NAME ""
#define PACKAGE_TARNAME ""
#define PACKAGE_VERSION ""
#define PACKAGE_STRING ""
#define PACKAGE_BUGREPORT ""
#define PACKAGE_URL ""
#define STDC_HEADERS 1
#define HAVE_SYS_TYPES_H 1
#define HAVE_SYS_STAT_H 1
#define HAVE_STDLIB_H 1
#define HAVE_STRING_H 1
#define HAVE_MEMORY_H 1
#define HAVE_STRINGS_H 1
#define HAVE_INTTYPES_H 1
#define HAVE_STDINT_H 1
#define HAVE_UNISTD_H 1
#define HAVE_LIBNSL 1
#define HAVE_LIBCRYPT 1
#define TIME_WITH_SYS_TIME 1
#define HAVE_SYS_WAIT_H 1
#define HAVE_SYS_IOCTL_H 1
#define HAVE_UNISTD_H 1
#define HAVE_STDLIB_H 1
#define HAVE_SYS_SELECT_H 1
#define HAVE_STRING_H 1
#define HAVE_SYS_SIGNAL_H 1
#define HAVE_SYS_BITYPES_H 1
#define HAVE_TERMIOS_H 1
#define HAVE_SYS_STROPTS_H 1
#define SIZEOF_CHAR_P 8
#define HAVE_STRDUP 1
#define HAVE_STRERROR 1
#define HAVE_RANDOM 1
#define HAVE_SRANDOM 1
#define HAVE_INDEX 1
#define HAVE_BCMP 1
#define HAVE_DRAND48 1
#define HAVE_MEMMOVE 1
#define HAVE_SETENV 1
#define HAVE_INET_ATON 1
#define HAVE_GRANTPT 1
#define HAVE_FCHMOD 1
#define HAVE_STRTOUL 1
#define HAVE_READV 1
#define HAVE_GETHOSTID 1
#define DUMMY_PPP 1

configure: exit 0
